<?xml version="1.0" encoding="UTF-8"?>
<!-- Generated by org.testng.reporters.JUnitXMLReporter -->
<testsuite ignored="3" hostname="ayyildizs-MacBook-Pro.local" failures="0" tests="1" name="paralel test" time="5.057" errors="0" timestamp="2021-08-06T22:32:37 CEST">
  <testcase classname="tests.Deneme02" name="test01" time="5.024"/>
  <testcase classname="tests.Deneme01" name="test01" time="0.0">
    <ignored/>
  </testcase> <!-- test01 -->
  <testcase classname="tests.Deneme02" name="test" time="0.0">
    <ignored/>
  </testcase> <!-- test -->
  <testcase classname="tests.Deneme01" name="test" time="0.0">
    <ignored/>
  </testcase> <!-- test -->
</testsuite> <!-- paralel test -->
