<?xml version="1.0" encoding="UTF-8"?>
<testsuite xmlns:xsi="http://www.w3.org/2001/XMLSchema-instance" xsi:noNamespaceSchemaLocation="https://maven.apache.org/surefire/maven-surefire-plugin/xsd/surefire-test-report.xsd" name="TestSuite" time="10.07" tests="3" errors="0" skipped="0" failures="0">
  <properties>
[...]
</properties>
  <testcase name="test" classname="tests.Deneme01" time="0.079"/>
  <testcase name="test01" classname="tests.Deneme01" time="0.028"/>
  <testcase name="test" classname="tests.Deneme02" time="0.059"/>
</testsuite>