<?xml version="1.0" encoding="UTF-8"?>
<testng-results ignored="3" total="4" passed="1" failed="0" skipped="0">
  <reporter-output>
  </reporter-output>
  <suite started-at="2021-08-06T22:32:31 CEST" name="All Test Suite1" finished-at="2021-08-06T22:32:37 CEST" duration-ms="5057">
    <groups>
      <group name="smokeTest">
        <method signature="Deneme02.test01()[pri:0, instance:tests.Deneme02@6a78afa0]" name="test01" class="tests.Deneme02"/>
      </group> <!-- smokeTest -->
    </groups>
    <test started-at="2021-08-06T22:32:31 CEST" name="paralel test" finished-at="2021-08-06T22:32:37 CEST" duration-ms="5057">
      <class name="tests.Deneme02">
        <test-method signature="test01()[pri:0, instance:tests.Deneme02@6a78afa0]" started-at="2021-08-06T22:32:31 CEST" name="test01" finished-at="2021-08-06T22:32:37 CEST" duration-ms="5024" status="PASS">
          <reporter-output>
          </reporter-output>
        </test-method> <!-- test01 -->
      </class> <!-- tests.Deneme02 -->
    </test> <!-- paralel test -->
  </suite> <!-- All Test Suite1 -->
</testng-results>
