<?xml version="1.0" encoding="UTF-8"?>
<testng-results ignored="0" total="3" passed="3" failed="0" skipped="0">
  <reporter-output>
  </reporter-output>
  <suite started-at="2021-08-06T21:59:46 CEST" name="All Test Suite" finished-at="2021-08-06T21:59:56 CEST" duration-ms="9310">
    <groups>
      <group name="smoke">
        <method signature="Deneme01.test()[pri:0, instance:tests.Deneme01@bcec361]" name="test" class="tests.Deneme01"/>
      </group> <!-- smoke -->
    </groups>
    <test started-at="2021-08-06T21:59:46 CEST" name="paralel test" finished-at="2021-08-06T21:59:56 CEST" duration-ms="9310">
      <class name="tests.Deneme02">
        <test-method is-config="true" signature="b()[pri:0, instance:tests.Deneme02@26794848]" started-at="2021-08-06T21:59:46 CEST" name="b" finished-at="2021-08-06T21:59:56 CEST" duration-ms="9215" status="PASS">
          <reporter-output>
          </reporter-output>
        </test-method> <!-- b -->
        <test-method signature="test()[pri:0, instance:tests.Deneme02@26794848]" started-at="2021-08-06T21:59:56 CEST" name="test" finished-at="2021-08-06T21:59:56 CEST" duration-ms="58" status="PASS">
          <reporter-output>
          </reporter-output>
        </test-method> <!-- test -->
      </class> <!-- tests.Deneme02 -->
      <class name="tests.Deneme01">
        <test-method is-config="true" signature="a()[pri:0, instance:tests.Deneme01@bcec361]" started-at="2021-08-06T21:59:46 CEST" name="a" finished-at="2021-08-06T21:59:54 CEST" duration-ms="7718" status="PASS">
          <reporter-output>
          </reporter-output>
        </test-method> <!-- a -->
        <test-method signature="test()[pri:0, instance:tests.Deneme01@bcec361]" started-at="2021-08-06T21:59:54 CEST" name="test" finished-at="2021-08-06T21:59:54 CEST" duration-ms="61" status="PASS">
          <reporter-output>
          </reporter-output>
        </test-method> <!-- test -->
        <test-method is-config="true" signature="a()[pri:0, instance:tests.Deneme01@bcec361]" started-at="2021-08-06T21:59:54 CEST" name="a" finished-at="2021-08-06T21:59:55 CEST" duration-ms="887" status="PASS">
          <reporter-output>
          </reporter-output>
        </test-method> <!-- a -->
        <test-method signature="test01()[pri:0, instance:tests.Deneme01@bcec361]" started-at="2021-08-06T21:59:55 CEST" name="test01" finished-at="2021-08-06T21:59:55 CEST" duration-ms="31" status="PASS">
          <reporter-output>
          </reporter-output>
        </test-method> <!-- test01 -->
      </class> <!-- tests.Deneme01 -->
    </test> <!-- paralel test -->
  </suite> <!-- All Test Suite -->
</testng-results>
