<?xml version="1.0" encoding="UTF-8"?>
<!-- Generated by org.testng.reporters.JUnitXMLReporter -->
<testsuite ignored="0" hostname="ayyildizs-MacBook-Pro.local" failures="0" tests="3" name="paralel test" time="9.31" errors="0" timestamp="2021-08-06T21:59:56 CEST">
  <testcase classname="tests.Deneme01" name="test" time="0.061"/>
  <testcase classname="tests.Deneme01" name="test01" time="0.031"/>
  <testcase classname="tests.Deneme02" name="test" time="0.058"/>
</testsuite> <!-- paralel test -->
